<?xml version="1.0" encoding="UTF-8"?>
<testng-results ignored="0" total="1" passed="1" failed="0" skipped="0">
  <reporter-output>
  </reporter-output>
  <suite started-at="2024-03-26T01:39:00 IST" name="Default suite" finished-at="2024-03-26T01:40:33 IST" duration-ms="93291">
    <groups>
    </groups>
    <test started-at="2024-03-26T01:39:00 IST" name="Default test" finished-at="2024-03-26T01:40:33 IST" duration-ms="93291">
      <class name="org.testcases.TestCase_BuyPage">
        <test-method is-config="true" signature="setUp()[pri:0, instance:org.testcases.TestCase_BuyPage@3b0fe47a]" started-at="2024-03-26T01:39:00 IST" name="setUp" finished-at="2024-03-26T01:39:11 IST" duration-ms="10799" status="PASS">
          <reporter-output>
          </reporter-output>
        </test-method> <!-- setUp -->
        <test-method signature="Buy()[pri:0, instance:org.testcases.TestCase_BuyPage@3b0fe47a]" started-at="2024-03-26T01:39:11 IST" name="Buy" finished-at="2024-03-26T01:40:32 IST" duration-ms="81770" status="PASS">
          <reporter-output>
          </reporter-output>
        </test-method> <!-- Buy -->
        <test-method is-config="true" signature="tearDown()[pri:0, instance:org.testcases.TestCase_BuyPage@3b0fe47a]" started-at="2024-03-26T01:40:32 IST" name="tearDown" finished-at="2024-03-26T01:40:33 IST" duration-ms="674" status="PASS">
          <reporter-output>
          </reporter-output>
        </test-method> <!-- tearDown -->
      </class> <!-- org.testcases.TestCase_BuyPage -->
    </test> <!-- Default test -->
  </suite> <!-- Default suite -->
</testng-results>
